  Campaign.cpp
C:\Users\arrrt\source\repos\Inluppgitup\ArturasInluppProject2\ArturasInluppProject2\State.h(12,12): error C2065: 'Campaign': undeclared identifier
C:\Users\arrrt\source\repos\Inluppgitup\ArturasInluppProject2\ArturasInluppProject2\State.h(12,5): error C2923: 'std::vector': 'Campaign' is not a valid template type argument for parameter '_Ty'
C:\Users\arrrt\source\repos\Inluppgitup\ArturasInluppProject2\ArturasInluppProject2\State.h(12,5): error C2976: 'std::vector': too few template arguments
C:\Program Files (x86)\Microsoft Visual Studio\2019\Community\VC\Tools\MSVC\14.27.29110\include\vector(413): message : see declaration of 'std::vector'
C:\Users\arrrt\source\repos\Inluppgitup\ArturasInluppProject2\ArturasInluppProject2\Campaign.h(9,9): error C2065: 'Ads': undeclared identifier
C:\Users\arrrt\source\repos\Inluppgitup\ArturasInluppProject2\ArturasInluppProject2\Campaign.h(9,2): error C2923: 'std::vector': 'Ads' is not a valid template type argument for parameter '_Ty'
C:\Users\arrrt\source\repos\Inluppgitup\ArturasInluppProject2\ArturasInluppProject2\Campaign.h(9,2): error C2976: 'std::vector': too few template arguments
C:\Program Files (x86)\Microsoft Visual Studio\2019\Community\VC\Tools\MSVC\14.27.29110\include\vector(413): message : see declaration of 'std::vector'
C:\Users\arrrt\source\repos\Inluppgitup\ArturasInluppProject2\ArturasInluppProject2\Campaign.cpp(12,16): error C2011: 'Campaign': 'class' type redefinition
C:\Users\arrrt\source\repos\Inluppgitup\ArturasInluppProject2\ArturasInluppProject2\Campaign.h(7): message : see declaration of 'Campaign'
C:\Users\arrrt\source\repos\Inluppgitup\ArturasInluppProject2\ArturasInluppProject2\Campaign.cpp(108,11): error C2079: 'cam' uses undefined class 'Campaign'
